<?xml version="1.0" encoding="UTF-8"?>
<Site BuildName="(empty)"
	BuildStamp="20260303-2000-Experimental"
	Name="ubuntu"
	Generator="ctest-3.22.1"
	CompilerName="/usr/bin/aarch64-linux-gnu-g++"
	CompilerVersion="11.4.0"
	OSName="Linux"
	Hostname="ubuntu"
	OSRelease="5.15.148-tegra"
	OSVersion="#1 SMP PREEMPT Mon Jun 16 08:24:48 PDT 2025"
	OSPlatform="aarch64"
	Is64Bits="1"
	VendorString=""
	VendorID="Unknown Manufacturer"
	FamilyID="8"
	ModelID="0"
	ProcessorCacheSize="0"
	NumberOfLogicalCPU="12"
	NumberOfPhysicalCPU="1"
	TotalVirtualMemory="15348"
	TotalPhysicalMemory="30696"
	LogicalProcessorsPerPhysical="12"
	ProcessorClockFrequency="0"
	>
	<Testing>
		<StartDateTime>Mar 03 14:08 CST</StartDateTime>
		<StartTestTime>1772568518</StartTestTime>
		<TestList/>
		<EndDateTime>Mar 03 14:08 CST</EndDateTime>
		<EndTestTime>1772568518</EndTestTime>
		<ElapsedMinutes>0</ElapsedMinutes>
	</Testing>
</Site>
